19:54:12.737 [TestNG-tests-1] DEBUG testCases.LoginTest - Browser is closed
19:56:04.471 [TestNG-tests-1] DEBUG testCases.LoginTest - Browser got launched
19:56:07.114 [TestNG-tests-1] DEBUG testCases.LoginTest - Navigated to application URL
19:56:07.530 [TestNG-tests-1] DEBUG testCases.LoginTest - Clicked on My Account dropdown
19:56:08.223 [TestNG-tests-1] DEBUG testCases.LoginTest - Clicked on login option
19:56:08.466 [TestNG-tests-1] DEBUG testCases.LoginTest - Email address is entered
19:56:08.598 [TestNG-tests-1] DEBUG testCases.LoginTest - Password is entered
19:56:09.069 [TestNG-tests-1] DEBUG testCases.LoginTest - Clicked on login button
19:56:09.233 [TestNG-tests-1] DEBUG testCases.LoginTest - Browser is closed
19:56:10.873 [TestNG-tests-1] DEBUG testCases.LoginTest - Browser got launched
19:56:13.163 [TestNG-tests-1] DEBUG testCases.LoginTest - Navigated to application URL
19:56:13.246 [TestNG-tests-1] DEBUG testCases.LoginTest - Clicked on My Account dropdown
19:56:13.747 [TestNG-tests-1] DEBUG testCases.LoginTest - Clicked on login option
19:56:13.935 [TestNG-tests-1] DEBUG testCases.LoginTest - Email address is entered
19:56:14.064 [TestNG-tests-1] DEBUG testCases.LoginTest - Password is entered
19:56:14.559 [TestNG-tests-1] DEBUG testCases.LoginTest - Clicked on login button
19:56:14.794 [TestNG-tests-1] DEBUG testCases.LoginTest - Browser is closed
20:13:47.136 [TestNG-tests-1] DEBUG testCases.LoginTest - Browser got launched
20:13:49.706 [TestNG-tests-1] DEBUG testCases.LoginTest - Navigated to application URL
20:13:50.075 [TestNG-tests-1] DEBUG testCases.LoginTest - Clicked on My Account dropdown
20:13:51.004 [TestNG-tests-1] DEBUG testCases.LoginTest - Clicked on login option
20:13:51.349 [TestNG-tests-1] DEBUG testCases.LoginTest - Email address is entered
20:13:51.620 [TestNG-tests-1] DEBUG testCases.LoginTest - Password is entered
20:13:52.125 [TestNG-tests-1] DEBUG testCases.LoginTest - Clicked on login button
20:13:52.254 [TestNG-tests-1] DEBUG testCases.LoginTest - Browser is closed
20:13:53.862 [TestNG-tests-1] DEBUG testCases.LoginTest - Browser got launched
20:13:56.078 [TestNG-tests-1] DEBUG testCases.LoginTest - Navigated to application URL
20:13:56.222 [TestNG-tests-1] DEBUG testCases.LoginTest - Clicked on My Account dropdown
20:13:56.728 [TestNG-tests-1] DEBUG testCases.LoginTest - Clicked on login option
20:13:56.927 [TestNG-tests-1] DEBUG testCases.LoginTest - Email address is entered
20:13:57.030 [TestNG-tests-1] DEBUG testCases.LoginTest - Password is entered
20:13:57.496 [TestNG-tests-1] DEBUG testCases.LoginTest - Clicked on login button
20:13:57.597 [TestNG-tests-1] DEBUG testCases.LoginTest - Browser is closed
20:17:35.092 [TestNG-tests-1] DEBUG testCases.LoginTest - Browser got launched
20:17:37.963 [TestNG-tests-1] DEBUG testCases.LoginTest - Navigated to application URL
20:17:38.481 [TestNG-tests-1] DEBUG testCases.LoginTest - Clicked on My Account dropdown
20:17:39.318 [TestNG-tests-1] DEBUG testCases.LoginTest - Clicked on login option
20:17:39.786 [TestNG-tests-1] DEBUG testCases.LoginTest - Email address is entered
20:17:39.984 [TestNG-tests-1] DEBUG testCases.LoginTest - Password is entered
20:17:40.567 [TestNG-tests-1] DEBUG testCases.LoginTest - Clicked on login button
20:17:40.732 [TestNG-tests-1] DEBUG testCases.LoginTest - Browser is closed
20:17:42.443 [TestNG-tests-1] DEBUG testCases.LoginTest - Browser got launched
20:17:44.706 [TestNG-tests-1] DEBUG testCases.LoginTest - Navigated to application URL
20:17:44.888 [TestNG-tests-1] DEBUG testCases.LoginTest - Clicked on My Account dropdown
20:17:45.375 [TestNG-tests-1] DEBUG testCases.LoginTest - Clicked on login option
20:17:45.584 [TestNG-tests-1] DEBUG testCases.LoginTest - Email address is entered
20:17:45.671 [TestNG-tests-1] DEBUG testCases.LoginTest - Password is entered
20:17:46.136 [TestNG-tests-1] DEBUG testCases.LoginTest - Clicked on login button
20:17:46.298 [TestNG-tests-1] DEBUG testCases.LoginTest - Browser is closed
15:08:26.981 [main] DEBUG testCases.LoginTest - Browser got launched
15:08:30.880 [main] DEBUG testCases.LoginTest - Navigated to application URL
15:08:31.052 [main] DEBUG testCases.LoginTest - Clicked on My Account dropdown
15:08:31.758 [main] DEBUG testCases.LoginTest - Clicked on login option
15:08:31.962 [main] DEBUG testCases.LoginTest - Email address is entered
15:08:32.064 [main] DEBUG testCases.LoginTest - Password is entered
15:08:32.590 [main] DEBUG testCases.LoginTest - Clicked on login button
15:08:32.734 [main] DEBUG testCases.LoginTest - Browser is closed
15:08:34.309 [main] DEBUG testCases.LoginTest - Browser got launched
15:08:37.619 [main] DEBUG testCases.LoginTest - Navigated to application URL
15:08:37.707 [main] DEBUG testCases.LoginTest - Clicked on My Account dropdown
15:08:38.285 [main] DEBUG testCases.LoginTest - Clicked on login option
15:08:38.462 [main] DEBUG testCases.LoginTest - Email address is entered
15:08:38.553 [main] DEBUG testCases.LoginTest - Password is entered
15:08:39.159 [main] DEBUG testCases.LoginTest - Clicked on login button
15:08:39.315 [main] DEBUG testCases.LoginTest - Browser is closed
11:56:02.779 [TestNG-tests-1] DEBUG testCases.LoginTest - Browser got launched
11:56:06.759 [TestNG-tests-1] DEBUG testCases.LoginTest - Navigated to application URL
11:56:07.071 [TestNG-tests-1] DEBUG testCases.LoginTest - Clicked on My Account dropdown
11:56:08.121 [TestNG-tests-1] DEBUG testCases.LoginTest - Clicked on login option
11:56:08.955 [TestNG-tests-1] DEBUG testCases.LoginTest - Email address is entered
11:56:09.717 [TestNG-tests-1] DEBUG testCases.LoginTest - Password is entered
11:56:10.379 [TestNG-tests-1] DEBUG testCases.LoginTest - Clicked on login button
11:56:10.578 [TestNG-tests-1] DEBUG testCases.LoginTest - Browser is closed
11:56:12.306 [TestNG-tests-1] DEBUG testCases.LoginTest - Browser got launched
11:56:14.659 [TestNG-tests-1] DEBUG testCases.LoginTest - Navigated to application URL
11:56:14.810 [TestNG-tests-1] DEBUG testCases.LoginTest - Clicked on My Account dropdown
11:56:15.293 [TestNG-tests-1] DEBUG testCases.LoginTest - Clicked on login option
11:56:15.528 [TestNG-tests-1] DEBUG testCases.LoginTest - Email address is entered
11:56:15.629 [TestNG-tests-1] DEBUG testCases.LoginTest - Password is entered
11:56:16.093 [TestNG-tests-1] DEBUG testCases.LoginTest - Clicked on login button
11:56:16.285 [TestNG-tests-1] DEBUG testCases.LoginTest - Browser is closed
11:58:04.045 [TestNG-tests-1] DEBUG testCases.LoginTest - Browser got launched
11:58:08.413 [TestNG-tests-1] DEBUG testCases.LoginTest - Navigated to application URL
11:58:08.791 [TestNG-tests-1] DEBUG testCases.LoginTest - Clicked on My Account dropdown
11:58:09.930 [TestNG-tests-1] DEBUG testCases.LoginTest - Clicked on login option
11:58:10.322 [TestNG-tests-1] DEBUG testCases.LoginTest - Email address is entered
11:58:10.458 [TestNG-tests-1] DEBUG testCases.LoginTest - Password is entered
11:58:11.084 [TestNG-tests-1] DEBUG testCases.LoginTest - Clicked on login button
11:58:11.385 [TestNG-tests-1] DEBUG testCases.LoginTest - Browser is closed
11:58:12.961 [TestNG-tests-1] DEBUG testCases.LoginTest - Browser got launched
11:58:15.840 [TestNG-tests-1] DEBUG testCases.LoginTest - Navigated to application URL
11:58:15.919 [TestNG-tests-1] DEBUG testCases.LoginTest - Clicked on My Account dropdown
11:58:16.387 [TestNG-tests-1] DEBUG testCases.LoginTest - Clicked on login option
11:58:16.553 [TestNG-tests-1] DEBUG testCases.LoginTest - Email address is entered
11:58:16.658 [TestNG-tests-1] DEBUG testCases.LoginTest - Password is entered
11:58:17.174 [TestNG-tests-1] DEBUG testCases.LoginTest - Clicked on login button
11:58:17.339 [TestNG-tests-1] DEBUG testCases.LoginTest - Browser is closed
12:07:55.012 [TestNG-tests-1] DEBUG testCases.LoginTest - Browser got launched
12:07:59.498 [TestNG-tests-1] DEBUG testCases.LoginTest - Navigated to application URL
12:08:00.316 [TestNG-tests-1] DEBUG testCases.LoginTest - Clicked on My Account dropdown
12:08:02.215 [TestNG-tests-1] DEBUG testCases.LoginTest - Clicked on login option
12:08:02.667 [TestNG-tests-1] DEBUG testCases.LoginTest - Email address is entered
12:08:02.859 [TestNG-tests-1] DEBUG testCases.LoginTest - Password is entered
12:08:03.510 [TestNG-tests-1] DEBUG testCases.LoginTest - Clicked on login button
12:08:04.896 [TestNG-tests-1] DEBUG testCases.LoginTest - Browser is closed
12:08:06.854 [TestNG-tests-1] DEBUG testCases.LoginTest - Browser got launched
12:08:09.464 [TestNG-tests-1] DEBUG testCases.LoginTest - Navigated to application URL
12:08:09.613 [TestNG-tests-1] DEBUG testCases.LoginTest - Clicked on My Account dropdown
12:08:10.320 [TestNG-tests-1] DEBUG testCases.LoginTest - Clicked on login option
12:08:10.767 [TestNG-tests-1] DEBUG testCases.LoginTest - Email address is entered
12:08:10.956 [TestNG-tests-1] DEBUG testCases.LoginTest - Password is entered
12:08:11.553 [TestNG-tests-1] DEBUG testCases.LoginTest - Clicked on login button
12:08:11.918 [TestNG-tests-1] DEBUG testCases.LoginTest - Browser is closed
12:18:43.286 [TestNG-tests-1] DEBUG testCases.LoginTest - Browser got launched
12:18:46.750 [TestNG-tests-1] DEBUG testCases.LoginTest - Navigated to application URL
12:18:47.185 [TestNG-tests-1] DEBUG testCases.LoginTest - Clicked on My Account dropdown
12:18:48.458 [TestNG-tests-1] DEBUG testCases.LoginTest - Clicked on login option
12:18:49.123 [TestNG-tests-1] DEBUG testCases.LoginTest - Email address is entered
12:18:49.364 [TestNG-tests-1] DEBUG testCases.LoginTest - Password is entered
12:18:49.873 [TestNG-tests-1] DEBUG testCases.LoginTest - Clicked on login button
12:18:50.022 [TestNG-tests-1] DEBUG testCases.LoginTest - Browser is closed
12:18:51.782 [TestNG-tests-1] DEBUG testCases.LoginTest - Browser got launched
12:18:54.141 [TestNG-tests-1] DEBUG testCases.LoginTest - Navigated to application URL
